<?xml version="1.0" encoding="UTF-8"?>
<testsuites name="jest tests" tests="7" failures="0" errors="0" time="10.113">
  <testsuite name="undefined" errors="0" failures="0" skipped="0" timestamp="2026-01-08T12:52:09" time="7.383" tests="1">
    <testcase classname=" List takes props" name=" List takes props" time="0.145">
    </testcase>
  </testsuite>
  <testsuite name="undefined" errors="0" failures="0" skipped="0" timestamp="2026-01-08T12:52:09" time="7.715" tests="2">
    <testcase classname=" Right components created" name=" Right components created" time="0.017">
    </testcase>
    <testcase classname=" App.js has MyContainer.js component" name=" App.js has MyContainer.js component" time="0.055">
    </testcase>
  </testsuite>
  <testsuite name="undefined" errors="0" failures="0" skipped="0" timestamp="2026-01-08T12:52:08" time="7.829" tests="1">
    <testcase classname=" conditional rendering" name=" conditional rendering" time="0.311">
    </testcase>
  </testsuite>
  <testsuite name="MyContainer" errors="0" failures="0" skipped="0" timestamp="2026-01-08T12:52:09" time="7.891" tests="1">
    <testcase classname="MyContainer should input text and display it on the page when the button is clicked" name="MyContainer should input text and display it on the page when the button is clicked" time="0.314">
    </testcase>
  </testsuite>
  <testsuite name="undefined" errors="0" failures="0" skipped="0" timestamp="2026-01-08T12:52:09" time="7.911" tests="2">
    <testcase classname=" React is imported" name=" React is imported" time="0.029">
    </testcase>
    <testcase classname=" renders &apos;hello world&apos;" name=" renders &apos;hello world&apos;" time="0.121">
    </testcase>
  </testsuite>
</testsuites>