<?xml version="1.0" encoding="UTF-8"?>
<testsuites name="jest tests" tests="2" failures="0" errors="0" time="5.321">
  <testsuite name="undefined" errors="0" failures="0" skipped="0" timestamp="2026-01-08T12:24:46" time="3.765" tests="2">
    <testcase classname=" Right components created" name=" Right components created" time="0.007">
    </testcase>
    <testcase classname=" App.js has MyContainer.js component" name=" App.js has MyContainer.js component" time="0.022">
    </testcase>
  </testsuite>
</testsuites>